2019-07-23 09:57:59.568  INFO 6708 --- [main] a.rvs.app.MaexchenSpringBootApplication  : Starting MaexchenSpringBootApplication on T12RUF4-001 with PID 6708 (C:\git\MaexchenSpringBoot\MaexchenSpringBoot\target\classes started by frzgn in C:\git\MaexchenSpringBoot\MaexchenSpringBoot)
2019-07-23 09:57:59.570  INFO 6708 --- [main] a.rvs.app.MaexchenSpringBootApplication  : The following profiles are active: dev
2019-07-23 09:58:00.984  INFO 6708 --- [main] o.s.b.w.embedded.tomcat.TomcatWebServer  : Tomcat initialized with port(s): 8080 (http)
2019-07-23 09:58:01.012  INFO 6708 --- [main] o.apache.catalina.core.StandardService   : Starting service [Tomcat]
2019-07-23 09:58:01.013  INFO 6708 --- [main] org.apache.catalina.core.StandardEngine  : Starting Servlet engine: [Apache Tomcat/9.0.21]
2019-07-23 09:58:01.166  INFO 6708 --- [main] o.a.c.c.C.[Tomcat].[localhost].[/]       : Initializing Spring embedded WebApplicationContext
2019-07-23 09:58:01.166  INFO 6708 --- [main] o.s.web.context.ContextLoader            : Root WebApplicationContext: initialization completed in 1538 ms
2019-07-23 09:58:01.697  INFO 6708 --- [main] o.s.s.concurrent.ThreadPoolTaskExecutor  : Initializing ExecutorService 'applicationTaskExecutor'
2019-07-23 09:58:01.834  INFO 6708 --- [main] d.s.w.p.DocumentationPluginsBootstrapper : Context refreshed
2019-07-23 09:58:01.854  INFO 6708 --- [main] d.s.w.p.DocumentationPluginsBootstrapper : Found 1 custom documentation plugin(s)
2019-07-23 09:58:01.864  INFO 6708 --- [main] s.d.s.w.s.ApiListingReferenceScanner     : Scanning for api listing references
2019-07-23 09:58:02.053  INFO 6708 --- [main] o.s.b.w.embedded.tomcat.TomcatWebServer  : Tomcat started on port(s): 8080 (http) with context path ''
2019-07-23 09:58:02.056  INFO 6708 --- [main] a.rvs.app.MaexchenSpringBootApplication  : Started MaexchenSpringBootApplication in 2.907 seconds (JVM running for 3.456)
2019-07-23 09:59:39.316  INFO 5840 --- [main] a.rvs.app.MaexchenSpringBootApplication  : Starting MaexchenSpringBootApplication on T12RUF4-001 with PID 5840 (C:\git\MaexchenSpringBoot\MaexchenSpringBoot\target\classes started by frzgn in C:\git\MaexchenSpringBoot\MaexchenSpringBoot)
2019-07-23 09:59:39.319  INFO 5840 --- [main] a.rvs.app.MaexchenSpringBootApplication  : The following profiles are active: dev
2019-07-23 09:59:40.734  INFO 5840 --- [main] o.s.b.w.embedded.tomcat.TomcatWebServer  : Tomcat initialized with port(s): 8080 (http)
2019-07-23 09:59:40.764  INFO 5840 --- [main] o.apache.catalina.core.StandardService   : Starting service [Tomcat]
2019-07-23 09:59:40.765  INFO 5840 --- [main] org.apache.catalina.core.StandardEngine  : Starting Servlet engine: [Apache Tomcat/9.0.21]
2019-07-23 09:59:40.922  INFO 5840 --- [main] o.a.c.c.C.[Tomcat].[localhost].[/]       : Initializing Spring embedded WebApplicationContext
2019-07-23 09:59:40.922  INFO 5840 --- [main] o.s.web.context.ContextLoader            : Root WebApplicationContext: initialization completed in 1536 ms
2019-07-23 09:59:41.508  INFO 5840 --- [main] o.s.s.concurrent.ThreadPoolTaskExecutor  : Initializing ExecutorService 'applicationTaskExecutor'
2019-07-23 09:59:41.641  INFO 5840 --- [main] d.s.w.p.DocumentationPluginsBootstrapper : Context refreshed
2019-07-23 09:59:41.663  INFO 5840 --- [main] d.s.w.p.DocumentationPluginsBootstrapper : Found 1 custom documentation plugin(s)
2019-07-23 09:59:41.672  INFO 5840 --- [main] s.d.s.w.s.ApiListingReferenceScanner     : Scanning for api listing references
2019-07-23 09:59:41.850  INFO 5840 --- [main] o.s.b.w.embedded.tomcat.TomcatWebServer  : Tomcat started on port(s): 8080 (http) with context path ''
2019-07-23 09:59:41.854  INFO 5840 --- [main] a.rvs.app.MaexchenSpringBootApplication  : Started MaexchenSpringBootApplication in 2.961 seconds (JVM running for 3.437)
2019-07-23 10:00:07.104  INFO 11248 --- [main] a.rvs.app.MaexchenSpringBootApplication  : Starting MaexchenSpringBootApplication on T12RUF4-001 with PID 11248 (C:\git\MaexchenSpringBoot\MaexchenSpringBoot\target\classes started by frzgn in C:\git\MaexchenSpringBoot\MaexchenSpringBoot)
2019-07-23 10:00:07.107  INFO 11248 --- [main] a.rvs.app.MaexchenSpringBootApplication  : The following profiles are active: dev
2019-07-23 10:00:08.508  INFO 11248 --- [main] o.s.b.w.embedded.tomcat.TomcatWebServer  : Tomcat initialized with port(s): 8080 (http)
2019-07-23 10:00:08.537  INFO 11248 --- [main] o.apache.catalina.core.StandardService   : Starting service [Tomcat]
2019-07-23 10:00:08.538  INFO 11248 --- [main] org.apache.catalina.core.StandardEngine  : Starting Servlet engine: [Apache Tomcat/9.0.21]
2019-07-23 10:00:08.686  INFO 11248 --- [main] o.a.c.c.C.[Tomcat].[localhost].[/]       : Initializing Spring embedded WebApplicationContext
2019-07-23 10:00:08.686  INFO 11248 --- [main] o.s.web.context.ContextLoader            : Root WebApplicationContext: initialization completed in 1526 ms
2019-07-23 10:00:09.198  INFO 11248 --- [main] o.s.s.concurrent.ThreadPoolTaskExecutor  : Initializing ExecutorService 'applicationTaskExecutor'
2019-07-23 10:00:09.334  INFO 11248 --- [main] d.s.w.p.DocumentationPluginsBootstrapper : Context refreshed
2019-07-23 10:00:09.354  INFO 11248 --- [main] d.s.w.p.DocumentationPluginsBootstrapper : Found 1 custom documentation plugin(s)
2019-07-23 10:00:09.363  INFO 11248 --- [main] s.d.s.w.s.ApiListingReferenceScanner     : Scanning for api listing references
2019-07-23 10:00:09.544  INFO 11248 --- [main] o.s.b.w.embedded.tomcat.TomcatWebServer  : Tomcat started on port(s): 8080 (http) with context path ''
2019-07-23 10:00:09.547  INFO 11248 --- [main] a.rvs.app.MaexchenSpringBootApplication  : Started MaexchenSpringBootApplication in 2.864 seconds (JVM running for 3.333)
2019-07-23 10:03:22.516  INFO 3496 --- [main] a.rvs.app.MaexchenSpringBootApplication  : Starting MaexchenSpringBootApplication on T12RUF4-001 with PID 3496 (C:\git\MaexchenSpringBoot\MaexchenSpringBoot\target\classes started by frzgn in C:\git\MaexchenSpringBoot\MaexchenSpringBoot)
2019-07-23 10:03:22.519  INFO 3496 --- [main] a.rvs.app.MaexchenSpringBootApplication  : The following profiles are active: dev
2019-07-23 10:03:23.857  INFO 3496 --- [main] o.s.b.w.embedded.tomcat.TomcatWebServer  : Tomcat initialized with port(s): 8080 (http)
2019-07-23 10:03:23.885  INFO 3496 --- [main] o.apache.catalina.core.StandardService   : Starting service [Tomcat]
2019-07-23 10:03:23.885  INFO 3496 --- [main] org.apache.catalina.core.StandardEngine  : Starting Servlet engine: [Apache Tomcat/9.0.21]
2019-07-23 10:03:24.006  INFO 3496 --- [main] o.a.c.c.C.[Tomcat].[localhost].[/]       : Initializing Spring embedded WebApplicationContext
2019-07-23 10:03:24.007  INFO 3496 --- [main] o.s.web.context.ContextLoader            : Root WebApplicationContext: initialization completed in 1439 ms
2019-07-23 10:03:24.600  INFO 3496 --- [main] o.s.s.concurrent.ThreadPoolTaskExecutor  : Initializing ExecutorService 'applicationTaskExecutor'
2019-07-23 10:03:24.735  INFO 3496 --- [main] d.s.w.p.DocumentationPluginsBootstrapper : Context refreshed
2019-07-23 10:03:24.754  INFO 3496 --- [main] d.s.w.p.DocumentationPluginsBootstrapper : Found 1 custom documentation plugin(s)
2019-07-23 10:03:24.764  INFO 3496 --- [main] s.d.s.w.s.ApiListingReferenceScanner     : Scanning for api listing references
2019-07-23 10:03:24.932 ERROR 3496 --- [main] org.apache.catalina.util.LifecycleBase   : Failed to start component [Connector[HTTP/1.1-8080]]

org.apache.catalina.LifecycleException: Protocol handler start failed
	at org.apache.catalina.connector.Connector.startInternal(Connector.java:1008) ~[tomcat-embed-core-9.0.21.jar:9.0.21]
	at org.apache.catalina.util.LifecycleBase.start(LifecycleBase.java:183) ~[tomcat-embed-core-9.0.21.jar:9.0.21]
	at org.apache.catalina.core.StandardService.addConnector(StandardService.java:227) [tomcat-embed-core-9.0.21.jar:9.0.21]
	at org.springframework.boot.web.embedded.tomcat.TomcatWebServer.addPreviouslyRemovedConnectors(TomcatWebServer.java:263) [spring-boot-2.1.6.RELEASE.jar:2.1.6.RELEASE]
	at org.springframework.boot.web.embedded.tomcat.TomcatWebServer.start(TomcatWebServer.java:195) [spring-boot-2.1.6.RELEASE.jar:2.1.6.RELEASE]
	at org.springframework.boot.web.servlet.context.ServletWebServerApplicationContext.startWebServer(ServletWebServerApplicationContext.java:296) [spring-boot-2.1.6.RELEASE.jar:2.1.6.RELEASE]
	at org.springframework.boot.web.servlet.context.ServletWebServerApplicationContext.finishRefresh(ServletWebServerApplicationContext.java:162) [spring-boot-2.1.6.RELEASE.jar:2.1.6.RELEASE]
	at org.springframework.context.support.AbstractApplicationContext.refresh(AbstractApplicationContext.java:552) [spring-context-5.1.8.RELEASE.jar:5.1.8.RELEASE]
	at org.springframework.boot.web.servlet.context.ServletWebServerApplicationContext.refresh(ServletWebServerApplicationContext.java:140) [spring-boot-2.1.6.RELEASE.jar:2.1.6.RELEASE]
	at org.springframework.boot.SpringApplication.refresh(SpringApplication.java:742) [spring-boot-2.1.6.RELEASE.jar:2.1.6.RELEASE]
	at org.springframework.boot.SpringApplication.refreshContext(SpringApplication.java:389) [spring-boot-2.1.6.RELEASE.jar:2.1.6.RELEASE]
	at org.springframework.boot.SpringApplication.run(SpringApplication.java:311) [spring-boot-2.1.6.RELEASE.jar:2.1.6.RELEASE]
	at org.springframework.boot.SpringApplication.run(SpringApplication.java:1213) [spring-boot-2.1.6.RELEASE.jar:2.1.6.RELEASE]
	at org.springframework.boot.SpringApplication.run(SpringApplication.java:1202) [spring-boot-2.1.6.RELEASE.jar:2.1.6.RELEASE]
	at at.rvs.app.MaexchenSpringBootApplication.main(MaexchenSpringBootApplication.java:10) [classes/:na]
Caused by: java.net.BindException: Address already in use: bind
	at sun.nio.ch.Net.bind0(Native Method) ~[na:1.8.0_171]
	at sun.nio.ch.Net.bind(Net.java:433) ~[na:1.8.0_171]
	at sun.nio.ch.Net.bind(Net.java:425) ~[na:1.8.0_171]
	at sun.nio.ch.ServerSocketChannelImpl.bind(ServerSocketChannelImpl.java:223) ~[na:1.8.0_171]
	at sun.nio.ch.ServerSocketAdaptor.bind(ServerSocketAdaptor.java:74) ~[na:1.8.0_171]
	at org.apache.tomcat.util.net.NioEndpoint.initServerSocket(NioEndpoint.java:230) ~[tomcat-embed-core-9.0.21.jar:9.0.21]
	at org.apache.tomcat.util.net.NioEndpoint.bind(NioEndpoint.java:213) ~[tomcat-embed-core-9.0.21.jar:9.0.21]
	at org.apache.tomcat.util.net.AbstractEndpoint.bindWithCleanup(AbstractEndpoint.java:1124) ~[tomcat-embed-core-9.0.21.jar:9.0.21]
	at org.apache.tomcat.util.net.AbstractEndpoint.start(AbstractEndpoint.java:1210) ~[tomcat-embed-core-9.0.21.jar:9.0.21]
	at org.apache.coyote.AbstractProtocol.start(AbstractProtocol.java:585) ~[tomcat-embed-core-9.0.21.jar:9.0.21]
	at org.apache.catalina.connector.Connector.startInternal(Connector.java:1005) ~[tomcat-embed-core-9.0.21.jar:9.0.21]
	... 14 common frames omitted

2019-07-23 10:03:24.938  INFO 3496 --- [main] o.apache.catalina.core.StandardService   : Stopping service [Tomcat]
2019-07-23 10:03:24.948  INFO 3496 --- [main] ConditionEvaluationReportLoggingListener : 

Error starting ApplicationContext. To display the conditions report re-run your application with 'debug' enabled.
2019-07-23 10:03:24.949 ERROR 3496 --- [main] o.s.b.d.LoggingFailureAnalysisReporter   : 

***************************
APPLICATION FAILED TO START
***************************

Description:

The Tomcat connector configured to listen on port 8080 failed to start. The port may already be in use or the connector may be misconfigured.

Action:

Verify the connector's configuration, identify and stop any process that's listening on port 8080, or configure this application to listen on another port.

2019-07-23 10:03:24.952  INFO 3496 --- [main] o.s.s.concurrent.ThreadPoolTaskExecutor  : Shutting down ExecutorService 'applicationTaskExecutor'
2019-07-23 10:03:38.689  INFO 10776 --- [main] a.rvs.app.MaexchenSpringBootApplication  : Starting MaexchenSpringBootApplication on T12RUF4-001 with PID 10776 (C:\git\MaexchenSpringBoot\MaexchenSpringBoot\target\classes started by frzgn in C:\git\MaexchenSpringBoot\MaexchenSpringBoot)
2019-07-23 10:03:38.692  INFO 10776 --- [main] a.rvs.app.MaexchenSpringBootApplication  : The following profiles are active: dev
2019-07-23 10:03:39.985  INFO 10776 --- [main] o.s.b.w.embedded.tomcat.TomcatWebServer  : Tomcat initialized with port(s): 8080 (http)
2019-07-23 10:03:40.012  INFO 10776 --- [main] o.apache.catalina.core.StandardService   : Starting service [Tomcat]
2019-07-23 10:03:40.013  INFO 10776 --- [main] org.apache.catalina.core.StandardEngine  : Starting Servlet engine: [Apache Tomcat/9.0.21]
2019-07-23 10:03:40.130  INFO 10776 --- [main] o.a.c.c.C.[Tomcat].[localhost].[/]       : Initializing Spring embedded WebApplicationContext
2019-07-23 10:03:40.130  INFO 10776 --- [main] o.s.web.context.ContextLoader            : Root WebApplicationContext: initialization completed in 1394 ms
2019-07-23 10:03:40.658  INFO 10776 --- [main] o.s.s.concurrent.ThreadPoolTaskExecutor  : Initializing ExecutorService 'applicationTaskExecutor'
2019-07-23 10:03:40.795  INFO 10776 --- [main] d.s.w.p.DocumentationPluginsBootstrapper : Context refreshed
2019-07-23 10:03:40.816  INFO 10776 --- [main] d.s.w.p.DocumentationPluginsBootstrapper : Found 1 custom documentation plugin(s)
2019-07-23 10:03:40.825  INFO 10776 --- [main] s.d.s.w.s.ApiListingReferenceScanner     : Scanning for api listing references
2019-07-23 10:03:41.010  INFO 10776 --- [main] o.s.b.w.embedded.tomcat.TomcatWebServer  : Tomcat started on port(s): 8080 (http) with context path ''
2019-07-23 10:03:41.014  INFO 10776 --- [main] a.rvs.app.MaexchenSpringBootApplication  : Started MaexchenSpringBootApplication in 2.702 seconds (JVM running for 3.093)
2019-07-23 10:03:46.186  INFO 10776 --- [http-nio-8080-exec-1] o.a.c.c.C.[Tomcat].[localhost].[/]       : Initializing Spring DispatcherServlet 'dispatcherServlet'
2019-07-23 10:03:46.187  INFO 10776 --- [http-nio-8080-exec-1] o.s.web.servlet.DispatcherServlet        : Initializing Servlet 'dispatcherServlet'
2019-07-23 10:03:46.194  INFO 10776 --- [http-nio-8080-exec-1] o.s.web.servlet.DispatcherServlet        : Completed initialization in 7 ms
2019-07-23 10:06:55.684  INFO 10020 --- [main] a.rvs.app.MaexchenSpringBootApplication  : Starting MaexchenSpringBootApplication on T12RUF4-001 with PID 10020 (C:\git\MaexchenSpringBoot\MaexchenSpringBoot\target\classes started by frzgn in C:\git\MaexchenSpringBoot\MaexchenSpringBoot)
2019-07-23 10:06:55.687  INFO 10020 --- [main] a.rvs.app.MaexchenSpringBootApplication  : The following profiles are active: dev
2019-07-23 10:06:57.037  INFO 10020 --- [main] o.s.b.w.embedded.tomcat.TomcatWebServer  : Tomcat initialized with port(s): 8080 (http)
2019-07-23 10:06:57.068  INFO 10020 --- [main] o.apache.catalina.core.StandardService   : Starting service [Tomcat]
2019-07-23 10:06:57.068  INFO 10020 --- [main] org.apache.catalina.core.StandardEngine  : Starting Servlet engine: [Apache Tomcat/9.0.21]
2019-07-23 10:06:57.200  INFO 10020 --- [main] o.a.c.c.C.[Tomcat].[localhost].[/]       : Initializing Spring embedded WebApplicationContext
2019-07-23 10:06:57.200  INFO 10020 --- [main] o.s.web.context.ContextLoader            : Root WebApplicationContext: initialization completed in 1464 ms
2019-07-23 10:06:57.713  INFO 10020 --- [main] o.s.s.concurrent.ThreadPoolTaskExecutor  : Initializing ExecutorService 'applicationTaskExecutor'
2019-07-23 10:06:57.952  INFO 10020 --- [main] d.s.w.p.DocumentationPluginsBootstrapper : Context refreshed
2019-07-23 10:06:57.972  INFO 10020 --- [main] d.s.w.p.DocumentationPluginsBootstrapper : Found 1 custom documentation plugin(s)
2019-07-23 10:06:57.981  INFO 10020 --- [main] s.d.s.w.s.ApiListingReferenceScanner     : Scanning for api listing references
2019-07-23 10:06:58.165  INFO 10020 --- [main] o.s.b.w.embedded.tomcat.TomcatWebServer  : Tomcat started on port(s): 8080 (http) with context path ''
2019-07-23 10:06:58.168  INFO 10020 --- [main] a.rvs.app.MaexchenSpringBootApplication  : Started MaexchenSpringBootApplication in 2.883 seconds (JVM running for 3.296)
